
*** Running vivado
    with args -log separate_tb.vds -m64 -product Vivado -mode batch -messageDb vivado.pb -notrace -source separate_tb.tcl


ECHO は <OFF> です。
ECHO は <OFF> です。

****** Vivado v2023.2 (64-bit)
  **** SW Build 4029153 on Fri Oct 13 20:14:34 MDT 2023
  **** IP Build 4028589 on Sat Oct 14 00:45:43 MDT 2023
  **** SharedData Build 4025554 on Tue Oct 10 17:18:54 MDT 2023
    ** Copyright 1986-2022 Xilinx, Inc. All Rights Reserved.
    ** Copyright 2022-2023 Advanced Micro Devices, Inc. All Rights Reserved.

source separate_tb.tcl -notrace
Command: read_checkpoint -auto_incremental -incremental C:/Vivado/i2s2/i2s2.srcs/utils_1/imports/synth_1/top.dcp
INFO: [Vivado 12-5825] Read reference checkpoint from C:/Vivado/i2s2/i2s2.srcs/utils_1/imports/synth_1/top.dcp for incremental synthesis
INFO: [Vivado 12-7989] Please ensure there are no constraint changes
Command: synth_design -top separate_tb -part xc7z010clg400-1
Starting synth_design
Attempting to get a license for feature 'Synthesis' and/or device 'xc7z010'
INFO: [Common 17-349] Got license for feature 'Synthesis' and/or device 'xc7z010'
INFO: [Device 21-403] Loading part xc7z010clg400-1
INFO: [Synth 8-7079] Multithreading enabled for synth_design using a maximum of 2 processes.
INFO: [Synth 8-7078] Launching helper process for spawning children vivado processes
INFO: [Synth 8-7075] Helper process launched with PID 5200
---------------------------------------------------------------------------------
Starting RTL Elaboration : Time (s): cpu = 00:00:01 ; elapsed = 00:00:03 . Memory (MB): peak = 1326.734 ; gain = 439.008
---------------------------------------------------------------------------------
INFO: [Synth 8-11241] undeclared symbol 'rx_axis_s_ready', assumed default net type 'wire' [C:/Vivado/i2s2/i2s2.srcs/sources_1/new/separate_tb.v:28]
INFO: [Synth 8-6157] synthesizing module 'separate_tb' [C:/Vivado/i2s2/i2s2.srcs/sources_1/new/separate_tb.v:3]
WARNING: [Synth 8-11581] system task call 'finish' not supported [C:/Vivado/i2s2/i2s2.srcs/sources_1/new/separate_tb.v:76]
INFO: [Synth 8-6157] synthesizing module 'separate' [C:/Vivado/i2s2/i2s2.srcs/sources_1/new/separate.v:23]
INFO: [Synth 8-6155] done synthesizing module 'separate' (0#1) [C:/Vivado/i2s2/i2s2.srcs/sources_1/new/separate.v:23]
WARNING: [Synth 8-85] always block has no event control specified [C:/Vivado/i2s2/i2s2.srcs/sources_1/new/separate_tb.v:41]
INFO: [Synth 8-6155] done synthesizing module 'separate_tb' (0#1) [C:/Vivado/i2s2/i2s2.srcs/sources_1/new/separate_tb.v:3]
WARNING: [Synth 8-3848] Net rx_axis_s_ready in module/entity separate does not have driver. [C:/Vivado/i2s2/i2s2.srcs/sources_1/new/separate.v:29]
WARNING: [Synth 8-3848] Net tx_axis_m_l_valid in module/entity separate does not have driver. [C:/Vivado/i2s2/i2s2.srcs/sources_1/new/separate.v:33]
WARNING: [Synth 8-3848] Net tx_axis_m_l_last in module/entity separate does not have driver. [C:/Vivado/i2s2/i2s2.srcs/sources_1/new/separate.v:35]
WARNING: [Synth 8-3848] Net tx_axis_m_r_data in module/entity separate does not have driver. [C:/Vivado/i2s2/i2s2.srcs/sources_1/new/separate.v:37]
WARNING: [Synth 8-3848] Net tx_axis_m_r_valid in module/entity separate does not have driver. [C:/Vivado/i2s2/i2s2.srcs/sources_1/new/separate.v:38]
WARNING: [Synth 8-3848] Net tx_axis_m_r_last in module/entity separate does not have driver. [C:/Vivado/i2s2/i2s2.srcs/sources_1/new/separate.v:40]
WARNING: [Synth 8-7129] Port tx_axis_m_l_valid in module separate is either unconnected or has no load
WARNING: [Synth 8-7129] Port tx_axis_m_l_last in module separate is either unconnected or has no load
WARNING: [Synth 8-7129] Port tx_axis_m_r_data[31] in module separate is either unconnected or has no load
WARNING: [Synth 8-7129] Port tx_axis_m_r_data[30] in module separate is either unconnected or has no load
WARNING: [Synth 8-7129] Port tx_axis_m_r_data[29] in module separate is either unconnected or has no load
WARNING: [Synth 8-7129] Port tx_axis_m_r_data[28] in module separate is either unconnected or has no load
WARNING: [Synth 8-7129] Port tx_axis_m_r_data[27] in module separate is either unconnected or has no load
WARNING: [Synth 8-7129] Port tx_axis_m_r_data[26] in module separate is either unconnected or has no load
WARNING: [Synth 8-7129] Port tx_axis_m_r_data[25] in module separate is either unconnected or has no load
WARNING: [Synth 8-7129] Port tx_axis_m_r_data[24] in module separate is either unconnected or has no load
WARNING: [Synth 8-7129] Port tx_axis_m_r_data[23] in module separate is either unconnected or has no load
WARNING: [Synth 8-7129] Port tx_axis_m_r_data[22] in module separate is either unconnected or has no load
WARNING: [Synth 8-7129] Port tx_axis_m_r_data[21] in module separate is either unconnected or has no load
WARNING: [Synth 8-7129] Port tx_axis_m_r_data[20] in module separate is either unconnected or has no load
WARNING: [Synth 8-7129] Port tx_axis_m_r_data[19] in module separate is either unconnected or has no load
WARNING: [Synth 8-7129] Port tx_axis_m_r_data[18] in module separate is either unconnected or has no load
WARNING: [Synth 8-7129] Port tx_axis_m_r_data[17] in module separate is either unconnected or has no load
WARNING: [Synth 8-7129] Port tx_axis_m_r_data[16] in module separate is either unconnected or has no load
WARNING: [Synth 8-7129] Port tx_axis_m_r_data[15] in module separate is either unconnected or has no load
WARNING: [Synth 8-7129] Port tx_axis_m_r_data[14] in module separate is either unconnected or has no load
WARNING: [Synth 8-7129] Port tx_axis_m_r_data[13] in module separate is either unconnected or has no load
WARNING: [Synth 8-7129] Port tx_axis_m_r_data[12] in module separate is either unconnected or has no load
WARNING: [Synth 8-7129] Port tx_axis_m_r_data[11] in module separate is either unconnected or has no load
WARNING: [Synth 8-7129] Port tx_axis_m_r_data[10] in module separate is either unconnected or has no load
WARNING: [Synth 8-7129] Port tx_axis_m_r_data[9] in module separate is either unconnected or has no load
WARNING: [Synth 8-7129] Port tx_axis_m_r_data[8] in module separate is either unconnected or has no load
WARNING: [Synth 8-7129] Port tx_axis_m_r_data[7] in module separate is either unconnected or has no load
WARNING: [Synth 8-7129] Port tx_axis_m_r_data[6] in module separate is either unconnected or has no load
WARNING: [Synth 8-7129] Port tx_axis_m_r_data[5] in module separate is either unconnected or has no load
WARNING: [Synth 8-7129] Port tx_axis_m_r_data[4] in module separate is either unconnected or has no load
WARNING: [Synth 8-7129] Port tx_axis_m_r_data[3] in module separate is either unconnected or has no load
WARNING: [Synth 8-7129] Port tx_axis_m_r_data[2] in module separate is either unconnected or has no load
WARNING: [Synth 8-7129] Port tx_axis_m_r_data[1] in module separate is either unconnected or has no load
WARNING: [Synth 8-7129] Port tx_axis_m_r_data[0] in module separate is either unconnected or has no load
WARNING: [Synth 8-7129] Port tx_axis_m_r_valid in module separate is either unconnected or has no load
WARNING: [Synth 8-7129] Port tx_axis_m_r_last in module separate is either unconnected or has no load
WARNING: [Synth 8-7129] Port tx_axis_m_l_ready in module separate is either unconnected or has no load
WARNING: [Synth 8-7129] Port tx_axis_m_r_ready in module separate is either unconnected or has no load
---------------------------------------------------------------------------------
Finished RTL Elaboration : Time (s): cpu = 00:00:02 ; elapsed = 00:00:04 . Memory (MB): peak = 1432.469 ; gain = 544.742
---------------------------------------------------------------------------------
---------------------------------------------------------------------------------
Start Handling Custom Attributes
---------------------------------------------------------------------------------
---------------------------------------------------------------------------------
Finished Handling Custom Attributes : Time (s): cpu = 00:00:02 ; elapsed = 00:00:04 . Memory (MB): peak = 1432.469 ; gain = 544.742
---------------------------------------------------------------------------------
---------------------------------------------------------------------------------
Finished RTL Optimization Phase 1 : Time (s): cpu = 00:00:02 ; elapsed = 00:00:04 . Memory (MB): peak = 1432.469 ; gain = 544.742
---------------------------------------------------------------------------------
Netlist sorting complete. Time (s): cpu = 00:00:00 ; elapsed = 00:00:00.001 . Memory (MB): peak = 1432.469 ; gain = 0.000
INFO: [Project 1-570] Preparing netlist for logic optimization

Processing XDC Constraints
Initializing timing engine
Parsing XDC File [C:/Vivado/i2s2/Zybo-Z7-Master.xdc]
WARNING: [Vivado 12-584] No ports matched 'clk'. [C:/Vivado/i2s2/Zybo-Z7-Master.xdc:8]
CRITICAL WARNING: [Common 17-55] 'set_property' expects at least one object. [C:/Vivado/i2s2/Zybo-Z7-Master.xdc:8]
Resolution: If [get_<value>] was used to populate the object, check to make sure this command returns at least one valid object.
WARNING: [Vivado 12-584] No ports matched 'clk'. [C:/Vivado/i2s2/Zybo-Z7-Master.xdc:9]
CRITICAL WARNING: [Vivado 12-4739] create_clock:No valid object(s) found for '-objects [get_ports clk]'. [C:/Vivado/i2s2/Zybo-Z7-Master.xdc:9]
Resolution: Check if the specified object(s) exists in the current design. If it does, ensure that the correct design hierarchy was specified for the object. If you are working with clocks, make sure create_clock was used to create the clock object before it is referenced.
WARNING: [Vivado 12-584] No ports matched 'sw[0]'. [C:/Vivado/i2s2/Zybo-Z7-Master.xdc:15]
CRITICAL WARNING: [Common 17-55] 'set_property' expects at least one object. [C:/Vivado/i2s2/Zybo-Z7-Master.xdc:15]
Resolution: If [get_<value>] was used to populate the object, check to make sure this command returns at least one valid object.
WARNING: [Vivado 12-584] No ports matched 'sw[1]'. [C:/Vivado/i2s2/Zybo-Z7-Master.xdc:16]
CRITICAL WARNING: [Common 17-55] 'set_property' expects at least one object. [C:/Vivado/i2s2/Zybo-Z7-Master.xdc:16]
Resolution: If [get_<value>] was used to populate the object, check to make sure this command returns at least one valid object.
WARNING: [Vivado 12-584] No ports matched 'sw[2]'. [C:/Vivado/i2s2/Zybo-Z7-Master.xdc:17]
CRITICAL WARNING: [Common 17-55] 'set_property' expects at least one object. [C:/Vivado/i2s2/Zybo-Z7-Master.xdc:17]
Resolution: If [get_<value>] was used to populate the object, check to make sure this command returns at least one valid object.
WARNING: [Vivado 12-584] No ports matched 'sw[3]'. [C:/Vivado/i2s2/Zybo-Z7-Master.xdc:18]
CRITICAL WARNING: [Common 17-55] 'set_property' expects at least one object. [C:/Vivado/i2s2/Zybo-Z7-Master.xdc:18]
Resolution: If [get_<value>] was used to populate the object, check to make sure this command returns at least one valid object.
WARNING: [Vivado 12-584] No ports matched 'reset'. [C:/Vivado/i2s2/Zybo-Z7-Master.xdc:25]
CRITICAL WARNING: [Common 17-55] 'set_property' expects at least one object. [C:/Vivado/i2s2/Zybo-Z7-Master.xdc:25]
Resolution: If [get_<value>] was used to populate the object, check to make sure this command returns at least one valid object.
WARNING: [Vivado 12-584] No ports matched 'tx_mclk'. [C:/Vivado/i2s2/Zybo-Z7-Master.xdc:106]
CRITICAL WARNING: [Common 17-55] 'set_property' expects at least one object. [C:/Vivado/i2s2/Zybo-Z7-Master.xdc:106]
Resolution: If [get_<value>] was used to populate the object, check to make sure this command returns at least one valid object.
WARNING: [Vivado 12-584] No ports matched 'tx_lrck'. [C:/Vivado/i2s2/Zybo-Z7-Master.xdc:107]
CRITICAL WARNING: [Common 17-55] 'set_property' expects at least one object. [C:/Vivado/i2s2/Zybo-Z7-Master.xdc:107]
Resolution: If [get_<value>] was used to populate the object, check to make sure this command returns at least one valid object.
WARNING: [Vivado 12-584] No ports matched 'tx_sclk'. [C:/Vivado/i2s2/Zybo-Z7-Master.xdc:108]
CRITICAL WARNING: [Common 17-55] 'set_property' expects at least one object. [C:/Vivado/i2s2/Zybo-Z7-Master.xdc:108]
Resolution: If [get_<value>] was used to populate the object, check to make sure this command returns at least one valid object.
WARNING: [Vivado 12-584] No ports matched 'tx_data'. [C:/Vivado/i2s2/Zybo-Z7-Master.xdc:109]
CRITICAL WARNING: [Common 17-55] 'set_property' expects at least one object. [C:/Vivado/i2s2/Zybo-Z7-Master.xdc:109]
Resolution: If [get_<value>] was used to populate the object, check to make sure this command returns at least one valid object.
WARNING: [Vivado 12-584] No ports matched 'rx_mclk'. [C:/Vivado/i2s2/Zybo-Z7-Master.xdc:110]
CRITICAL WARNING: [Common 17-55] 'set_property' expects at least one object. [C:/Vivado/i2s2/Zybo-Z7-Master.xdc:110]
Resolution: If [get_<value>] was used to populate the object, check to make sure this command returns at least one valid object.
WARNING: [Vivado 12-584] No ports matched 'rx_lrck'. [C:/Vivado/i2s2/Zybo-Z7-Master.xdc:111]
CRITICAL WARNING: [Common 17-55] 'set_property' expects at least one object. [C:/Vivado/i2s2/Zybo-Z7-Master.xdc:111]
Resolution: If [get_<value>] was used to populate the object, check to make sure this command returns at least one valid object.
WARNING: [Vivado 12-584] No ports matched 'rx_sclk'. [C:/Vivado/i2s2/Zybo-Z7-Master.xdc:112]
CRITICAL WARNING: [Common 17-55] 'set_property' expects at least one object. [C:/Vivado/i2s2/Zybo-Z7-Master.xdc:112]
Resolution: If [get_<value>] was used to populate the object, check to make sure this command returns at least one valid object.
WARNING: [Vivado 12-584] No ports matched 'rx_data'. [C:/Vivado/i2s2/Zybo-Z7-Master.xdc:113]
CRITICAL WARNING: [Common 17-55] 'set_property' expects at least one object. [C:/Vivado/i2s2/Zybo-Z7-Master.xdc:113]
Resolution: If [get_<value>] was used to populate the object, check to make sure this command returns at least one valid object.
Finished Parsing XDC File [C:/Vivado/i2s2/Zybo-Z7-Master.xdc]
Completed Processing XDC Constraints

Netlist sorting complete. Time (s): cpu = 00:00:00 ; elapsed = 00:00:00 . Memory (MB): peak = 1533.078 ; gain = 0.000
INFO: [Project 1-111] Unisim Transformation Summary:
No Unisim elements were transformed.

指定されたパスが見つかりません。
Constraint Validation Runtime : Time (s): cpu = 00:00:00 ; elapsed = 00:00:00.003 . Memory (MB): peak = 1533.078 ; gain = 0.000
---------------------------------------------------------------------------------
Finished Constraint Validation : Time (s): cpu = 00:00:03 ; elapsed = 00:00:09 . Memory (MB): peak = 1533.078 ; gain = 645.352
---------------------------------------------------------------------------------
---------------------------------------------------------------------------------
Start Loading Part and Timing Information
---------------------------------------------------------------------------------
Loading part: xc7z010clg400-1
---------------------------------------------------------------------------------
Finished Loading Part and Timing Information : Time (s): cpu = 00:00:03 ; elapsed = 00:00:09 . Memory (MB): peak = 1533.078 ; gain = 645.352
---------------------------------------------------------------------------------
---------------------------------------------------------------------------------
Start Applying 'set_property' XDC Constraints
---------------------------------------------------------------------------------
---------------------------------------------------------------------------------
Finished applying 'set_property' XDC Constraints : Time (s): cpu = 00:00:03 ; elapsed = 00:00:09 . Memory (MB): peak = 1533.078 ; gain = 645.352
---------------------------------------------------------------------------------
---------------------------------------------------------------------------------
Start Preparing Guide Design
---------------------------------------------------------------------------------
CRITICAL WARNING: [Synth 8-6895] The reference checkpoint C:/Vivado/i2s2/i2s2.srcs/utils_1/imports/synth_1/top.dcp is not suitable for use with incremental synthesis for this design. Please regenerate the checkpoint for this design with -incremental_synth switch in the same Vivado session that synth_design has been run. Synthesis will continue with the default flow
---------------------------------------------------------------------------------
Finished Doing Graph Differ : Time (s): cpu = 00:00:03 ; elapsed = 00:00:09 . Memory (MB): peak = 1533.078 ; gain = 645.352
---------------------------------------------------------------------------------
---------------------------------------------------------------------------------
Finished Preparing Guide Design : Time (s): cpu = 00:00:03 ; elapsed = 00:00:09 . Memory (MB): peak = 1533.078 ; gain = 645.352
---------------------------------------------------------------------------------
---------------------------------------------------------------------------------
Finished RTL Optimization Phase 2 : Time (s): cpu = 00:00:03 ; elapsed = 00:00:09 . Memory (MB): peak = 1533.078 ; gain = 645.352
---------------------------------------------------------------------------------


Incremental Synthesis Report Summary:

1. Incremental synthesis run: no

   Reason for not running incremental synthesis : 


INFO: [Synth 8-7130] Flow is switching to default flow due to incremental criteria not met. If you would like to alter this behaviour and have the flow terminate instead, please set the following parameter config_implementation {autoIncr.Synth.RejectBehavior Terminate}
---------------------------------------------------------------------------------
Start RTL Component Statistics 
---------------------------------------------------------------------------------
Detailed RTL Component Info : 
---------------------------------------------------------------------------------
Finished RTL Component Statistics 
---------------------------------------------------------------------------------
---------------------------------------------------------------------------------
Start Part Resource Summary
---------------------------------------------------------------------------------
Part Resources:
DSPs: 80 (col length:40)
BRAMs: 120 (col length: RAMB18 40 RAMB36 20)
---------------------------------------------------------------------------------
Finished Part Resource Summary
---------------------------------------------------------------------------------
---------------------------------------------------------------------------------
Start Cross Boundary and Area Optimization
---------------------------------------------------------------------------------
WARNING: [Synth 8-7080] Parallel synthesis criteria is not met
---------------------------------------------------------------------------------
Finished Cross Boundary and Area Optimization : Time (s): cpu = 00:00:04 ; elapsed = 00:00:10 . Memory (MB): peak = 1533.078 ; gain = 645.352
---------------------------------------------------------------------------------
---------------------------------------------------------------------------------
Start Applying XDC Timing Constraints
---------------------------------------------------------------------------------
---------------------------------------------------------------------------------
Finished Applying XDC Timing Constraints : Time (s): cpu = 00:00:04 ; elapsed = 00:00:13 . Memory (MB): peak = 1533.078 ; gain = 645.352
---------------------------------------------------------------------------------
---------------------------------------------------------------------------------
Start Timing Optimization
---------------------------------------------------------------------------------
---------------------------------------------------------------------------------
Finished Timing Optimization : Time (s): cpu = 00:00:04 ; elapsed = 00:00:13 . Memory (MB): peak = 1533.078 ; gain = 645.352
---------------------------------------------------------------------------------
---------------------------------------------------------------------------------
Start Technology Mapping
---------------------------------------------------------------------------------
---------------------------------------------------------------------------------
Finished Technology Mapping : Time (s): cpu = 00:00:04 ; elapsed = 00:00:13 . Memory (MB): peak = 1533.078 ; gain = 645.352
---------------------------------------------------------------------------------
---------------------------------------------------------------------------------
Start IO Insertion
---------------------------------------------------------------------------------
---------------------------------------------------------------------------------
Start Flattening Before IO Insertion
---------------------------------------------------------------------------------
---------------------------------------------------------------------------------
Finished Flattening Before IO Insertion
---------------------------------------------------------------------------------
---------------------------------------------------------------------------------
Start Final Netlist Cleanup
---------------------------------------------------------------------------------
---------------------------------------------------------------------------------
Finished Final Netlist Cleanup
---------------------------------------------------------------------------------
---------------------------------------------------------------------------------
Finished IO Insertion : Time (s): cpu = 00:00:05 ; elapsed = 00:00:16 . Memory (MB): peak = 1533.078 ; gain = 645.352
---------------------------------------------------------------------------------
---------------------------------------------------------------------------------
Start Renaming Generated Instances
---------------------------------------------------------------------------------
---------------------------------------------------------------------------------
Finished Renaming Generated Instances : Time (s): cpu = 00:00:05 ; elapsed = 00:00:16 . Memory (MB): peak = 1533.078 ; gain = 645.352
---------------------------------------------------------------------------------
---------------------------------------------------------------------------------
Start Rebuilding User Hierarchy
---------------------------------------------------------------------------------
---------------------------------------------------------------------------------
Finished Rebuilding User Hierarchy : Time (s): cpu = 00:00:05 ; elapsed = 00:00:16 . Memory (MB): peak = 1533.078 ; gain = 645.352
---------------------------------------------------------------------------------
---------------------------------------------------------------------------------
Start Renaming Generated Ports
---------------------------------------------------------------------------------
---------------------------------------------------------------------------------
Finished Renaming Generated Ports : Time (s): cpu = 00:00:05 ; elapsed = 00:00:16 . Memory (MB): peak = 1533.078 ; gain = 645.352
---------------------------------------------------------------------------------
---------------------------------------------------------------------------------
Start Handling Custom Attributes
---------------------------------------------------------------------------------
---------------------------------------------------------------------------------
Finished Handling Custom Attributes : Time (s): cpu = 00:00:05 ; elapsed = 00:00:16 . Memory (MB): peak = 1533.078 ; gain = 645.352
---------------------------------------------------------------------------------
---------------------------------------------------------------------------------
Start Renaming Generated Nets
---------------------------------------------------------------------------------
---------------------------------------------------------------------------------
Finished Renaming Generated Nets : Time (s): cpu = 00:00:05 ; elapsed = 00:00:16 . Memory (MB): peak = 1533.078 ; gain = 645.352
---------------------------------------------------------------------------------
---------------------------------------------------------------------------------
Start Writing Synthesis Report
---------------------------------------------------------------------------------

Report BlackBoxes: 
+-+--------------+----------+
| |BlackBox name |Instances |
+-+--------------+----------+
+-+--------------+----------+

Report Cell Usage: 
+-+-----+------+
| |Cell |Count |
+-+-----+------+
+-+-----+------+
---------------------------------------------------------------------------------
Finished Writing Synthesis Report : Time (s): cpu = 00:00:05 ; elapsed = 00:00:16 . Memory (MB): peak = 1533.078 ; gain = 645.352
---------------------------------------------------------------------------------
Synthesis finished with 0 errors, 1 critical warnings and 1 warnings.
Synthesis Optimization Runtime : Time (s): cpu = 00:00:03 ; elapsed = 00:00:15 . Memory (MB): peak = 1533.078 ; gain = 544.742
Synthesis Optimization Complete : Time (s): cpu = 00:00:05 ; elapsed = 00:00:16 . Memory (MB): peak = 1533.078 ; gain = 645.352
INFO: [Project 1-571] Translating synthesized netlist
Netlist sorting complete. Time (s): cpu = 00:00:00 ; elapsed = 00:00:00 . Memory (MB): peak = 1533.078 ; gain = 0.000
INFO: [Project 1-570] Preparing netlist for logic optimization
INFO: [Opt 31-138] Pushed 0 inverter(s) to 0 load pin(s).
Netlist sorting complete. Time (s): cpu = 00:00:00 ; elapsed = 00:00:00 . Memory (MB): peak = 1533.078 ; gain = 0.000
INFO: [Project 1-111] Unisim Transformation Summary:
No Unisim elements were transformed.

指定されたパスが見つかりません。
Synth Design complete | Checksum: ca7c444b
INFO: [Common 17-83] Releasing license: Synthesis
20 Infos, 62 Warnings, 16 Critical Warnings and 0 Errors encountered.
synth_design completed successfully
synth_design: Time (s): cpu = 00:00:05 ; elapsed = 00:00:20 . Memory (MB): peak = 1533.078 ; gain = 1036.621
INFO: [runtcl-6] Synthesis results are not added to the cache due to CRITICAL_WARNING
INFO: [Common 17-1381] The checkpoint 'C:/Vivado/i2s2/i2s2.runs/synth_1/separate_tb.dcp' has been generated.
INFO: [runtcl-4] Executing : report_utilization -file separate_tb_utilization_synth.rpt -pb separate_tb_utilization_synth.pb
INFO: [Common 17-206] Exiting Vivado at Sun Jun 23 15:05:45 2024...
